<?xml version="1.0" encoding="UTF-8"?>
<!-- Generated by org.testng.reporters.JUnitReportReporter -->
<testsuite hostname="DESKTOP-TAV9QK2" failures="0" tests="1" name="Secondtry.Secondtry.secondy" time="0.013" errors="0" timestamp="2025-01-04T21:47:48 EST" skipped="0">
  <testcase classname="Secondtry.Secondtry.secondy" name="method" time="0.013"/>
</testsuite> <!-- Secondtry.Secondtry.secondy -->
